#
# There is insufficient memory for the Java Runtime Environment to continue.
# Native memory allocation (mmap) failed to map 270532608 bytes for Failed to commit area from 0x0000000620800000 to 0x0000000630a00000 of length 270532608.
# Possible reasons:
#   The system is out of physical RAM or swap space
#   The process is running with CompressedOops enabled, and the Java Heap may be blocking the growth of the native heap
# Possible solutions:
#   Reduce memory load on the system
#   Increase physical memory or swap space
#   Check if swap backing store is full
#   Decrease Java heap size (-Xmx/-Xms)
#   Decrease number of Java threads
#   Decrease Java thread stack sizes (-Xss)
#   Set larger code cache with -XX:ReservedCodeCacheSize=
#   JVM is running with Zero Based Compressed Oops mode in which the Java heap is
#     placed in the first 32GB address space. The Java Heap base address is the
#     maximum limit for the native heap growth. Please use -XX:HeapBaseMinAddress
#     to set the Java Heap base and to place the Java Heap above 32GB virtual address.
# This output file may be truncated or incomplete.
#
#  Out of Memory Error (./src/hotspot/os/windows/os_windows.cpp:3380), pid=30484, tid=30604
#
# JRE version: OpenJDK Runtime Environment Microsoft-25199 (11.0.12+7) (build 11.0.12+7)
# Java VM: OpenJDK 64-Bit Server VM Microsoft-25199 (11.0.12+7, mixed mode, tiered, compressed oops, g1 gc, windows-amd64)
# No core dump will be written. Minidumps are not enabled by default on client versions of Windows
#

---------------  S U M M A R Y ------------

Command Line: com.xamarin.manifestmerger.Main obj\Debug\120\android\manifestmerger.rsp

Host: Intel(R) Core(TM) i5-7400 CPU @ 3.00GHz, 4 cores, 31G,  Windows 10 , 64 bit Build 19041 (10.0.19041.1806)
Time: Wed Jul 20 15:12:42 2022 GTB Summer Time elapsed time: 1.322258 seconds (0d 0h 0m 1s)

---------------  T H R E A D  ---------------

Current thread (0x000001f65d0bf800):  VMThread "VM Thread" [stack: 0x000000e21bd00000,0x000000e21be00000] [id=30604]

Stack: [0x000000e21bd00000,0x000000e21be00000]
[error occurred during error reporting (printing stack bounds), id 0xc0000005, EXCEPTION_ACCESS_VIOLATION (0xc0000005) at pc=0x000001f6382c112d]

Native frames: (J=compiled Java code, j=interpreted, Vv=VM code, C=native code)
V  [jvm.dll+0x6090fa]
V  [jvm.dll+0x79229e]
V  [jvm.dll+0x79396f]
V  [jvm.dll+0x793f95]
V  [jvm.dll+0x793f4b]
V  [jvm.dll+0x608487]
V  [jvm.dll+0x608b98]
C  [ntdll.dll+0xa229f]
C  [ntdll.dll+0x51454]
C  [ntdll.dll+0xa0dce]
C  0x000001f6382c112d

VM_Operation (0x000000e21b7fa770): G1CollectForAllocation, mode: safepoint, requested by thread 0x000001f62fb9d800


---------------  P R O C E S S  ---------------

Threads class SMR info:
_java_thread_list=0x000001f65d2e1290, length=11, elements={
0x000001f62fb9d800, 0x000001f65d0c2800, 0x000001f65d0c3800, 0x000001f65d14d800,
0x000001f65d14f800, 0x000001f65d0f7000, 0x000001f65d153000, 0x000001f65d15f000,
0x000001f65d168000, 0x000001f65d2d5800, 0x000001f65d2ed800
}

Java Threads: ( => current thread )
  0x000001f62fb9d800 JavaThread "main" [_thread_blocked, id=30568, stack(0x000000e21b700000,0x000000e21b800000)]
  0x000001f65d0c2800 JavaThread "Reference Handler" daemon [_thread_blocked, id=19480, stack(0x000000e21be00000,0x000000e21bf00000)]
  0x000001f65d0c3800 JavaThread "Finalizer" daemon [_thread_blocked, id=24356, stack(0x000000e21bf00000,0x000000e21c000000)]
  0x000001f65d14d800 JavaThread "Signal Dispatcher" daemon [_thread_blocked, id=29740, stack(0x000000e21c000000,0x000000e21c100000)]
  0x000001f65d14f800 JavaThread "Attach Listener" daemon [_thread_blocked, id=28404, stack(0x000000e21c100000,0x000000e21c200000)]
  0x000001f65d0f7000 JavaThread "Service Thread" daemon [_thread_blocked, id=30588, stack(0x000000e21c200000,0x000000e21c300000)]
  0x000001f65d153000 JavaThread "C2 CompilerThread0" daemon [_thread_blocked, id=26948, stack(0x000000e21c300000,0x000000e21c400000)]
  0x000001f65d15f000 JavaThread "C1 CompilerThread0" daemon [_thread_blocked, id=29752, stack(0x000000e21c400000,0x000000e21c500000)]
  0x000001f65d168000 JavaThread "Sweeper thread" daemon [_thread_blocked, id=29728, stack(0x000000e21c500000,0x000000e21c600000)]
  0x000001f65d2d5800 JavaThread "Common-Cleaner" daemon [_thread_blocked, id=30624, stack(0x000000e21c700000,0x000000e21c800000)]
  0x000001f65d2ed800 JavaThread "C2 CompilerThread1" daemon [_thread_blocked, id=30628, stack(0x000000e21c800000,0x000000e21c900000)]

Other Threads:
=>0x000001f65d0bf800 VMThread "VM Thread" [stack: 0x000000e21bd00000,0x000000e21be00000] [id=30604]
  0x000001f65d2cd800 WatcherThread [stack: 0x000000e21c600000,0x000000e21c700000] [id=30616]
  0x000001f62fbb4000 GCTaskThread "GC Thread#0" [stack: 0x000000e21b800000,0x000000e21b900000] [id=30004]
  0x000001f65da08000 GCTaskThread "GC Thread#1" [stack: 0x000000e21c900000,0x000000e21ca00000] [id=27040]
  0x000001f65db45800 GCTaskThread "GC Thread#2" [stack: 0x000000e21ca00000,0x000000e21cb00000] [id=13516]
  0x000001f65da92800 GCTaskThread "GC Thread#3" [stack: 0x000000e21cb00000,0x000000e21cc00000] [id=18136]
  0x000001f62fc31800 ConcurrentGCThread "G1 Main Marker" [stack: 0x000000e21b900000,0x000000e21ba00000] [id=30572]
  0x000001f62fc33000 ConcurrentGCThread "G1 Conc#0" [stack: 0x000000e21ba00000,0x000000e21bb00000] [id=30580]
  0x000001f65c716800 ConcurrentGCThread "G1 Refine#0" [stack: 0x000000e21bb00000,0x000000e21bc00000] [id=30592]
  0x000001f65d7a4000 ConcurrentGCThread "G1 Refine#1" [stack: 0x000000e21cc00000,0x000000e21cd00000] [id=30608]
  0x000001f65d7a5000 ConcurrentGCThread "G1 Refine#2" [stack: 0x000000e21cd00000,0x000000e21ce00000] [id=30516]
  0x000001f65d868000 ConcurrentGCThread "G1 Refine#3" [stack: 0x000000e21ce00000,0x000000e21cf00000] [id=26876]
  0x000001f65c717800 ConcurrentGCThread "G1 Young RemSet Sampling" [stack: 0x000000e21bc00000,0x000000e21bd00000] [id=30600]

Threads with active compile tasks:
C2 CompilerThread0   1341  869       4       java.util.HashMap::putVal (300 bytes)

VM state:at safepoint (normal execution)

VM Mutex/Monitor currently owned by a thread:  ([mutex/lock_event])
[0x000001f62fb97560] Threads_lock - owner thread: 0x000001f65d0bf800
[0x000001f62fb96870] Heap_lock - owner thread: 0x000001f62fb9d800

Heap address: 0x0000000600800000, size: 8184 MB, Compressed Oops mode: Zero based, Oop shift amount: 3
Narrow klass base: 0x0000000800000000, Narrow klass shift: 0
Compressed class space size: 1073741824 Address: 0x0000000800000000

Heap:
 garbage-first heap   total 788480K, used 71570K [0x0000000600800000, 0x0000000800000000)
  region size 2048K, 2 young (4096K), 2 survivors (4096K)
 Metaspace       used 10059K, capacity 10254K, committed 10496K, reserved 1058816K
  class space    used 952K, capacity 1014K, committed 1024K, reserved 1048576K
Heap Regions: E=young(eden), S=young(survivor), O=old, HS=humongous(starts), HC=humongous(continues), CS=collection set, F=free, A=archive, TAMS=top-at-mark-start (previous, next)
|   0|0x0000000600800000, 0x0000000600a00000, 0x0000000600a00000|100%|HS|  |TAMS 0x0000000600800000, 0x0000000600800000| Complete 
|   1|0x0000000600a00000, 0x0000000600c00000, 0x0000000600c00000|100%|HC|  |TAMS 0x0000000600a00000, 0x0000000600a00000| Complete 
|   2|0x0000000600c00000, 0x0000000600e00000, 0x0000000600e00000|100%| O|  |TAMS 0x0000000600c00000, 0x0000000600c00000| Untracked 
|   3|0x0000000600e00000, 0x0000000601000000, 0x0000000601000000|100%| O|  |TAMS 0x0000000600e00000, 0x0000000600e00000| Untracked 
|   4|0x0000000601000000, 0x0000000601200000, 0x0000000601200000|100%|HS|  |TAMS 0x0000000601000000, 0x0000000601000000| Complete 
|   5|0x0000000601200000, 0x0000000601400000, 0x0000000601400000|100%|HC|  |TAMS 0x0000000601200000, 0x0000000601200000| Complete 
|   6|0x0000000601400000, 0x0000000601600000, 0x0000000601600000|100%| O|  |TAMS 0x0000000601400000, 0x0000000601400000| Untracked 
|   7|0x0000000601600000, 0x0000000601800000, 0x0000000601800000|100%| O|  |TAMS 0x0000000601600000, 0x0000000601600000| Untracked 
|   8|0x0000000601800000, 0x0000000601a00000, 0x0000000601a00000|100%| O|  |TAMS 0x0000000601800000, 0x0000000601800000| Untracked 
|   9|0x0000000601a00000, 0x0000000601c00000, 0x0000000601c00000|100%| O|  |TAMS 0x0000000601a00000, 0x0000000601a00000| Untracked 
|  10|0x0000000601c00000, 0x0000000601e00000, 0x0000000601e00000|100%|HS|  |TAMS 0x0000000601c00000, 0x0000000601c00000| Complete 
|  11|0x0000000601e00000, 0x0000000602000000, 0x0000000602000000|100%|HC|  |TAMS 0x0000000601e00000, 0x0000000601e00000| Complete 
|  12|0x0000000602000000, 0x0000000602200000, 0x0000000602200000|100%|HS|  |TAMS 0x0000000602000000, 0x0000000602000000| Complete 
|  13|0x0000000602200000, 0x0000000602400000, 0x0000000602400000|100%|HC|  |TAMS 0x0000000602200000, 0x0000000602200000| Complete 
|  14|0x0000000602400000, 0x0000000602600000, 0x0000000602600000|100%| O|  |TAMS 0x0000000602400000, 0x0000000602400000| Untracked 
|  15|0x0000000602600000, 0x0000000602800000, 0x0000000602800000|100%| O|  |TAMS 0x0000000602600000, 0x0000000602600000| Untracked 
|  16|0x0000000602800000, 0x0000000602a00000, 0x0000000602a00000|100%| O|  |TAMS 0x0000000602800000, 0x0000000602800000| Untracked 
|  17|0x0000000602a00000, 0x0000000602a00000, 0x0000000602c00000|  0%| F|  |TAMS 0x0000000602a00000, 0x0000000602a00000| Untracked 
|  18|0x0000000602c00000, 0x0000000602c00000, 0x0000000602e00000|  0%| F|  |TAMS 0x0000000602c00000, 0x0000000602c00000| Untracked 
|  19|0x0000000602e00000, 0x0000000603000000, 0x0000000603000000|100%|HS|  |TAMS 0x0000000602e00000, 0x0000000602e00000| Complete 
|  20|0x0000000603000000, 0x0000000603200000, 0x0000000603200000|100%|HC|  |TAMS 0x0000000603000000, 0x0000000603000000| Complete 
|  21|0x0000000603200000, 0x0000000603400000, 0x0000000603400000|100%| O|  |TAMS 0x0000000603200000, 0x0000000603200000| Untracked 
|  22|0x0000000603400000, 0x0000000603600000, 0x0000000603600000|100%| O|  |TAMS 0x0000000603400000, 0x0000000603400000| Untracked 
|  23|0x0000000603600000, 0x0000000603800000, 0x0000000603800000|100%| O|  |TAMS 0x0000000603600000, 0x0000000603600000| Untracked 
|  24|0x0000000603800000, 0x0000000603a00000, 0x0000000603a00000|100%| O|  |TAMS 0x0000000603800000, 0x0000000603800000| Untracked 
|  25|0x0000000603a00000, 0x0000000603c00000, 0x0000000603c00000|100%|HS|  |TAMS 0x0000000603a00000, 0x0000000603a00000| Complete 
|  26|0x0000000603c00000, 0x0000000603e00000, 0x0000000603e00000|100%|HC|  |TAMS 0x0000000603c00000, 0x0000000603c00000| Complete 
|  27|0x0000000603e00000, 0x0000000604000000, 0x0000000604000000|100%|HS|  |TAMS 0x0000000603e00000, 0x0000000603e00000| Complete 
|  28|0x0000000604000000, 0x0000000604200000, 0x0000000604200000|100%|HC|  |TAMS 0x0000000604000000, 0x0000000604000000| Complete 
|  29|0x0000000604200000, 0x0000000604400000, 0x0000000604400000|100%|HS|  |TAMS 0x0000000604200000, 0x0000000604200000| Complete 
|  30|0x0000000604400000, 0x0000000604600000, 0x0000000604600000|100%|HC|  |TAMS 0x0000000604400000, 0x0000000604400000| Complete 
|  31|0x0000000604600000, 0x0000000604800000, 0x0000000604800000|100%| O|  |TAMS 0x0000000604600000, 0x0000000604600000| Untracked 
|  32|0x0000000604800000, 0x0000000604a00000, 0x0000000604a00000|100%| O|  |TAMS 0x0000000604800000, 0x0000000604800000| Untracked 
|  33|0x0000000604a00000, 0x0000000604c00000, 0x0000000604c00000|100%| O|  |TAMS 0x0000000604a00000, 0x0000000604a00000| Untracked 
|  34|0x0000000604c00000, 0x0000000604de4a00, 0x0000000604e00000| 94%| O|  |TAMS 0x0000000604c00000, 0x0000000604c00000| Untracked 
|  35|0x0000000604e00000, 0x0000000604e00000, 0x0000000605000000|  0%| F|  |TAMS 0x0000000604e00000, 0x0000000604e00000| Untracked 
|  36|0x0000000605000000, 0x0000000605000000, 0x0000000605200000|  0%| F|  |TAMS 0x0000000605000000, 0x0000000605000000| Untracked 
|  37|0x0000000605200000, 0x0000000605200000, 0x0000000605400000|  0%| F|  |TAMS 0x0000000605200000, 0x0000000605200000| Untracked 
|  38|0x0000000605400000, 0x0000000605400000, 0x0000000605600000|  0%| F|  |TAMS 0x0000000605400000, 0x0000000605400000| Untracked 
|  39|0x0000000605600000, 0x0000000605600000, 0x0000000605800000|  0%| F|  |TAMS 0x0000000605600000, 0x0000000605600000| Untracked 
|  40|0x0000000605800000, 0x0000000605800000, 0x0000000605a00000|  0%| F|  |TAMS 0x0000000605800000, 0x0000000605800000| Untracked 
|  41|0x0000000605a00000, 0x0000000605a00000, 0x0000000605c00000|  0%| F|  |TAMS 0x0000000605a00000, 0x0000000605a00000| Untracked 
|  42|0x0000000605c00000, 0x0000000605c00000, 0x0000000605e00000|  0%| F|  |TAMS 0x0000000605c00000, 0x0000000605c00000| Untracked 
|  43|0x0000000605e00000, 0x0000000605e00000, 0x0000000606000000|  0%| F|  |TAMS 0x0000000605e00000, 0x0000000605e00000| Untracked 
|  44|0x0000000606000000, 0x0000000606000000, 0x0000000606200000|  0%| F|  |TAMS 0x0000000606000000, 0x0000000606000000| Untracked 
|  45|0x0000000606200000, 0x0000000606200000, 0x0000000606400000|  0%| F|  |TAMS 0x0000000606200000, 0x0000000606200000| Untracked 
|  46|0x0000000606400000, 0x0000000606400000, 0x0000000606600000|  0%| F|  |TAMS 0x0000000606400000, 0x0000000606400000| Untracked 
|  47|0x0000000606600000, 0x0000000606600000, 0x0000000606800000|  0%| F|  |TAMS 0x0000000606600000, 0x0000000606600000| Untracked 
|  48|0x0000000606800000, 0x0000000606800000, 0x0000000606a00000|  0%| F|  |TAMS 0x0000000606800000, 0x0000000606800000| Untracked 
|  49|0x0000000606a00000, 0x0000000606a00000, 0x0000000606c00000|  0%| F|  |TAMS 0x0000000606a00000, 0x0000000606a00000| Untracked 
|  50|0x0000000606c00000, 0x0000000606c00000, 0x0000000606e00000|  0%| F|  |TAMS 0x0000000606c00000, 0x0000000606c00000| Untracked 
|  51|0x0000000606e00000, 0x0000000606e00000, 0x0000000607000000|  0%| F|  |TAMS 0x0000000606e00000, 0x0000000606e00000| Untracked 
|  52|0x0000000607000000, 0x0000000607000000, 0x0000000607200000|  0%| F|  |TAMS 0x0000000607000000, 0x0000000607000000| Untracked 
|  53|0x0000000607200000, 0x0000000607200000, 0x0000000607400000|  0%| F|  |TAMS 0x0000000607200000, 0x0000000607200000| Untracked 
|  54|0x0000000607400000, 0x0000000607400000, 0x0000000607600000|  0%| F|  |TAMS 0x0000000607400000, 0x0000000607400000| Untracked 
|  55|0x0000000607600000, 0x0000000607600000, 0x0000000607800000|  0%| F|  |TAMS 0x0000000607600000, 0x0000000607600000| Untracked 
|  56|0x0000000607800000, 0x0000000607800000, 0x0000000607a00000|  0%| F|  |TAMS 0x0000000607800000, 0x0000000607800000| Untracked 
|  57|0x0000000607a00000, 0x0000000607a00000, 0x0000000607c00000|  0%| F|  |TAMS 0x0000000607a00000, 0x0000000607a00000| Untracked 
|  58|0x0000000607c00000, 0x0000000607c00000, 0x0000000607e00000|  0%| F|  |TAMS 0x0000000607c00000, 0x0000000607c00000| Untracked 
|  59|0x0000000607e00000, 0x0000000607e00000, 0x0000000608000000|  0%| F|  |TAMS 0x0000000607e00000, 0x0000000607e00000| Untracked 
|  60|0x0000000608000000, 0x0000000608000000, 0x0000000608200000|  0%| F|  |TAMS 0x0000000608000000, 0x0000000608000000| Untracked 
|  61|0x0000000608200000, 0x0000000608200000, 0x0000000608400000|  0%| F|  |TAMS 0x0000000608200000, 0x0000000608200000| Untracked 
|  62|0x0000000608400000, 0x0000000608400000, 0x0000000608600000|  0%| F|  |TAMS 0x0000000608400000, 0x0000000608400000| Untracked 
|  63|0x0000000608600000, 0x0000000608600000, 0x0000000608800000|  0%| F|  |TAMS 0x0000000608600000, 0x0000000608600000| Untracked 
|  64|0x0000000608800000, 0x0000000608800000, 0x0000000608a00000|  0%| F|  |TAMS 0x0000000608800000, 0x0000000608800000| Untracked 
|  65|0x0000000608a00000, 0x0000000608a00000, 0x0000000608c00000|  0%| F|  |TAMS 0x0000000608a00000, 0x0000000608a00000| Untracked 
|  66|0x0000000608c00000, 0x0000000608c00000, 0x0000000608e00000|  0%| F|  |TAMS 0x0000000608c00000, 0x0000000608c00000| Untracked 
|  67|0x0000000608e00000, 0x0000000608e00000, 0x0000000609000000|  0%| F|  |TAMS 0x0000000608e00000, 0x0000000608e00000| Untracked 
|  68|0x0000000609000000, 0x0000000609000000, 0x0000000609200000|  0%| F|  |TAMS 0x0000000609000000, 0x0000000609000000| Untracked 
|  69|0x0000000609200000, 0x0000000609200000, 0x0000000609400000|  0%| F|  |TAMS 0x0000000609200000, 0x0000000609200000| Untracked 
|  70|0x0000000609400000, 0x0000000609400000, 0x0000000609600000|  0%| F|  |TAMS 0x0000000609400000, 0x0000000609400000| Untracked 
|  71|0x0000000609600000, 0x0000000609600000, 0x0000000609800000|  0%| F|  |TAMS 0x0000000609600000, 0x0000000609600000| Untracked 
|  72|0x0000000609800000, 0x0000000609800000, 0x0000000609a00000|  0%| F|  |TAMS 0x0000000609800000, 0x0000000609800000| Untracked 
|  73|0x0000000609a00000, 0x0000000609a00000, 0x0000000609c00000|  0%| F|  |TAMS 0x0000000609a00000, 0x0000000609a00000| Untracked 
|  74|0x0000000609c00000, 0x0000000609c00000, 0x0000000609e00000|  0%| F|  |TAMS 0x0000000609c00000, 0x0000000609c00000| Untracked 
|  75|0x0000000609e00000, 0x0000000609e00000, 0x000000060a000000|  0%| F|  |TAMS 0x0000000609e00000, 0x0000000609e00000| Untracked 
|  76|0x000000060a000000, 0x000000060a000000, 0x000000060a200000|  0%| F|  |TAMS 0x000000060a000000, 0x000000060a000000| Untracked 
|  77|0x000000060a200000, 0x000000060a200000, 0x000000060a400000|  0%| F|  |TAMS 0x000000060a200000, 0x000000060a200000| Untracked 
|  78|0x000000060a400000, 0x000000060a400000, 0x000000060a600000|  0%| F|  |TAMS 0x000000060a400000, 0x000000060a400000| Untracked 
|  79|0x000000060a600000, 0x000000060a600000, 0x000000060a800000|  0%| F|  |TAMS 0x000000060a600000, 0x000000060a600000| Untracked 
|  80|0x000000060a800000, 0x000000060a800000, 0x000000060aa00000|  0%| F|  |TAMS 0x000000060a800000, 0x000000060a800000| Untracked 
|  81|0x000000060aa00000, 0x000000060aa00000, 0x000000060ac00000|  0%| F|  |TAMS 0x000000060aa00000, 0x000000060aa00000| Untracked 
|  82|0x000000060ac00000, 0x000000060ac00000, 0x000000060ae00000|  0%| F|  |TAMS 0x000000060ac00000, 0x000000060ac00000| Untracked 
|  83|0x000000060ae00000, 0x000000060ae00000, 0x000000060b000000|  0%| F|  |TAMS 0x000000060ae00000, 0x000000060ae00000| Untracked 
|  84|0x000000060b000000, 0x000000060b000000, 0x000000060b200000|  0%| F|  |TAMS 0x000000060b000000, 0x000000060b000000| Untracked 
|  85|0x000000060b200000, 0x000000060b200000, 0x000000060b400000|  0%| F|  |TAMS 0x000000060b200000, 0x000000060b200000| Untracked 
|  86|0x000000060b400000, 0x000000060b400000, 0x000000060b600000|  0%| F|  |TAMS 0x000000060b400000, 0x000000060b400000| Untracked 
|  87|0x000000060b600000, 0x000000060b600000, 0x000000060b800000|  0%| F|  |TAMS 0x000000060b600000, 0x000000060b600000| Untracked 
|  88|0x000000060b800000, 0x000000060b800000, 0x000000060ba00000|  0%| F|  |TAMS 0x000000060b800000, 0x000000060b800000| Untracked 
|  89|0x000000060ba00000, 0x000000060ba00000, 0x000000060bc00000|  0%| F|  |TAMS 0x000000060ba00000, 0x000000060ba00000| Untracked 
|  90|0x000000060bc00000, 0x000000060bc00000, 0x000000060be00000|  0%| F|  |TAMS 0x000000060bc00000, 0x000000060bc00000| Untracked 
|  91|0x000000060be00000, 0x000000060be00000, 0x000000060c000000|  0%| F|  |TAMS 0x000000060be00000, 0x000000060be00000| Untracked 
|  92|0x000000060c000000, 0x000000060c000000, 0x000000060c200000|  0%| F|  |TAMS 0x000000060c000000, 0x000000060c000000| Untracked 
|  93|0x000000060c200000, 0x000000060c200000, 0x000000060c400000|  0%| F|  |TAMS 0x000000060c200000, 0x000000060c200000| Untracked 
|  94|0x000000060c400000, 0x000000060c400000, 0x000000060c600000|  0%| F|  |TAMS 0x000000060c400000, 0x000000060c400000| Untracked 
|  95|0x000000060c600000, 0x000000060c600000, 0x000000060c800000|  0%| F|  |TAMS 0x000000060c600000, 0x000000060c600000| Untracked 
|  96|0x000000060c800000, 0x000000060c800000, 0x000000060ca00000|  0%| F|  |TAMS 0x000000060c800000, 0x000000060c800000| Untracked 
|  97|0x000000060ca00000, 0x000000060ca00000, 0x000000060cc00000|  0%| F|  |TAMS 0x000000060ca00000, 0x000000060ca00000| Untracked 
|  98|0x000000060cc00000, 0x000000060cc00000, 0x000000060ce00000|  0%| F|  |TAMS 0x000000060cc00000, 0x000000060cc00000| Untracked 
|  99|0x000000060ce00000, 0x000000060ce00000, 0x000000060d000000|  0%| F|  |TAMS 0x000000060ce00000, 0x000000060ce00000| Untracked 
| 100|0x000000060d000000, 0x000000060d000000, 0x000000060d200000|  0%| F|  |TAMS 0x000000060d000000, 0x000000060d000000| Untracked 
| 101|0x000000060d200000, 0x000000060d200000, 0x000000060d400000|  0%| F|  |TAMS 0x000000060d200000, 0x000000060d200000| Untracked 
| 102|0x000000060d400000, 0x000000060d400000, 0x000000060d600000|  0%| F|  |TAMS 0x000000060d400000, 0x000000060d400000| Untracked 
| 103|0x000000060d600000, 0x000000060d600000, 0x000000060d800000|  0%| F|  |TAMS 0x000000060d600000, 0x000000060d600000| Untracked 
| 104|0x000000060d800000, 0x000000060d800000, 0x000000060da00000|  0%| F|  |TAMS 0x000000060d800000, 0x000000060d800000| Untracked 
| 105|0x000000060da00000, 0x000000060da00000, 0x000000060dc00000|  0%| F|  |TAMS 0x000000060da00000, 0x000000060da00000| Untracked 
| 106|0x000000060dc00000, 0x000000060dc00000, 0x000000060de00000|  0%| F|  |TAMS 0x000000060dc00000, 0x000000060dc00000| Untracked 
| 107|0x000000060de00000, 0x000000060de00000, 0x000000060e000000|  0%| F|  |TAMS 0x000000060de00000, 0x000000060de00000| Untracked 
| 108|0x000000060e000000, 0x000000060e000000, 0x000000060e200000|  0%| F|  |TAMS 0x000000060e000000, 0x000000060e000000| Untracked 
| 109|0x000000060e200000, 0x000000060e200000, 0x000000060e400000|  0%| F|  |TAMS 0x000000060e200000, 0x000000060e200000| Untracked 
| 110|0x000000060e400000, 0x000000060e400000, 0x000000060e600000|  0%| F|  |TAMS 0x000000060e400000, 0x000000060e400000| Untracked 
| 111|0x000000060e600000, 0x000000060e600000, 0x000000060e800000|  0%| F|  |TAMS 0x000000060e600000, 0x000000060e600000| Untracked 
| 112|0x000000060e800000, 0x000000060e800000, 0x000000060ea00000|  0%| F|  |TAMS 0x000000060e800000, 0x000000060e800000| Untracked 
| 113|0x000000060ea00000, 0x000000060ea00000, 0x000000060ec00000|  0%| F|  |TAMS 0x000000060ea00000, 0x000000060ea00000| Untracked 
| 114|0x000000060ec00000, 0x000000060ec00000, 0x000000060ee00000|  0%| F|  |TAMS 0x000000060ec00000, 0x000000060ec00000| Untracked 
| 115|0x000000060ee00000, 0x000000060ee00000, 0x000000060f000000|  0%| F|  |TAMS 0x000000060ee00000, 0x000000060ee00000| Untracked 
| 116|0x000000060f000000, 0x000000060f000000, 0x000000060f200000|  0%| F|  |TAMS 0x000000060f000000, 0x000000060f000000| Untracked 
| 117|0x000000060f200000, 0x000000060f200000, 0x000000060f400000|  0%| F|  |TAMS 0x000000060f200000, 0x000000060f200000| Untracked 
| 118|0x000000060f400000, 0x000000060f400000, 0x000000060f600000|  0%| F|  |TAMS 0x000000060f400000, 0x000000060f400000| Untracked 
| 119|0x000000060f600000, 0x000000060f600000, 0x000000060f800000|  0%| F|  |TAMS 0x000000060f600000, 0x000000060f600000| Untracked 
| 120|0x000000060f800000, 0x000000060f800000, 0x000000060fa00000|  0%| F|  |TAMS 0x000000060f800000, 0x000000060f800000| Untracked 
| 121|0x000000060fa00000, 0x000000060fa00000, 0x000000060fc00000|  0%| F|  |TAMS 0x000000060fa00000, 0x000000060fa00000| Untracked 
| 122|0x000000060fc00000, 0x000000060fc00000, 0x000000060fe00000|  0%| F|  |TAMS 0x000000060fc00000, 0x000000060fc00000| Untracked 
| 123|0x000000060fe00000, 0x000000060fe00000, 0x0000000610000000|  0%| F|  |TAMS 0x000000060fe00000, 0x000000060fe00000| Untracked 
| 124|0x0000000610000000, 0x0000000610000000, 0x0000000610200000|  0%| F|  |TAMS 0x0000000610000000, 0x0000000610000000| Untracked 
| 125|0x0000000610200000, 0x0000000610200000, 0x0000000610400000|  0%| F|  |TAMS 0x0000000610200000, 0x0000000610200000| Untracked 
| 126|0x0000000610400000, 0x0000000610400000, 0x0000000610600000|  0%| F|  |TAMS 0x0000000610400000, 0x0000000610400000| Untracked 
| 127|0x0000000610600000, 0x0000000610600000, 0x0000000610800000|  0%| F|  |TAMS 0x0000000610600000, 0x0000000610600000| Untracked 
| 128|0x0000000610800000, 0x0000000610800000, 0x0000000610a00000|  0%| F|  |TAMS 0x0000000610800000, 0x0000000610800000| Untracked 
| 129|0x0000000610a00000, 0x0000000610a00000, 0x0000000610c00000|  0%| F|  |TAMS 0x0000000610a00000, 0x0000000610a00000| Untracked 
| 130|0x0000000610c00000, 0x0000000610c00000, 0x0000000610e00000|  0%| F|  |TAMS 0x0000000610c00000, 0x0000000610c00000| Untracked 
| 131|0x0000000610e00000, 0x0000000610e00000, 0x0000000611000000|  0%| F|  |TAMS 0x0000000610e00000, 0x0000000610e00000| Untracked 
| 132|0x0000000611000000, 0x0000000611000000, 0x0000000611200000|  0%| F|  |TAMS 0x0000000611000000, 0x0000000611000000| Untracked 
| 133|0x0000000611200000, 0x0000000611200000, 0x0000000611400000|  0%| F|  |TAMS 0x0000000611200000, 0x0000000611200000| Untracked 
| 134|0x0000000611400000, 0x0000000611400000, 0x0000000611600000|  0%| F|  |TAMS 0x0000000611400000, 0x0000000611400000| Untracked 
| 135|0x0000000611600000, 0x0000000611600000, 0x0000000611800000|  0%| F|  |TAMS 0x0000000611600000, 0x0000000611600000| Untracked 
| 136|0x0000000611800000, 0x0000000611800000, 0x0000000611a00000|  0%| F|  |TAMS 0x0000000611800000, 0x0000000611800000| Untracked 
| 137|0x0000000611a00000, 0x0000000611a00000, 0x0000000611c00000|  0%| F|  |TAMS 0x0000000611a00000, 0x0000000611a00000| Untracked 
| 138|0x0000000611c00000, 0x0000000611c00000, 0x0000000611e00000|  0%| F|  |TAMS 0x0000000611c00000, 0x0000000611c00000| Untracked 
| 139|0x0000000611e00000, 0x0000000611e00000, 0x0000000612000000|  0%| F|  |TAMS 0x0000000611e00000, 0x0000000611e00000| Untracked 
| 140|0x0000000612000000, 0x0000000612000000, 0x0000000612200000|  0%| F|  |TAMS 0x0000000612000000, 0x0000000612000000| Untracked 
| 141|0x0000000612200000, 0x0000000612200000, 0x0000000612400000|  0%| F|  |TAMS 0x0000000612200000, 0x0000000612200000| Untracked 
| 142|0x0000000612400000, 0x0000000612400000, 0x0000000612600000|  0%| F|  |TAMS 0x0000000612400000, 0x0000000612400000| Untracked 
| 143|0x0000000612600000, 0x0000000612600000, 0x0000000612800000|  0%| F|  |TAMS 0x0000000612600000, 0x0000000612600000| Untracked 
| 144|0x0000000612800000, 0x0000000612800000, 0x0000000612a00000|  0%| F|  |TAMS 0x0000000612800000, 0x0000000612800000| Untracked 
| 145|0x0000000612a00000, 0x0000000612a00000, 0x0000000612c00000|  0%| F|  |TAMS 0x0000000612a00000, 0x0000000612a00000| Untracked 
| 146|0x0000000612c00000, 0x0000000612c00000, 0x0000000612e00000|  0%| F|  |TAMS 0x0000000612c00000, 0x0000000612c00000| Untracked 
| 147|0x0000000612e00000, 0x0000000612e00000, 0x0000000613000000|  0%| F|  |TAMS 0x0000000612e00000, 0x0000000612e00000| Untracked 
| 148|0x0000000613000000, 0x0000000613000000, 0x0000000613200000|  0%| F|  |TAMS 0x0000000613000000, 0x0000000613000000| Untracked 
| 149|0x0000000613200000, 0x0000000613200000, 0x0000000613400000|  0%| F|  |TAMS 0x0000000613200000, 0x0000000613200000| Untracked 
| 150|0x0000000613400000, 0x0000000613400000, 0x0000000613600000|  0%| F|  |TAMS 0x0000000613400000, 0x0000000613400000| Untracked 
| 151|0x0000000613600000, 0x0000000613600000, 0x0000000613800000|  0%| F|  |TAMS 0x0000000613600000, 0x0000000613600000| Untracked 
| 152|0x0000000613800000, 0x0000000613800000, 0x0000000613a00000|  0%| F|  |TAMS 0x0000000613800000, 0x0000000613800000| Untracked 
| 153|0x0000000613a00000, 0x0000000613a00000, 0x0000000613c00000|  0%| F|  |TAMS 0x0000000613a00000, 0x0000000613a00000| Untracked 
| 154|0x0000000613c00000, 0x0000000613c00000, 0x0000000613e00000|  0%| F|  |TAMS 0x0000000613c00000, 0x0000000613c00000| Untracked 
| 155|0x0000000613e00000, 0x0000000613e00000, 0x0000000614000000|  0%| F|  |TAMS 0x0000000613e00000, 0x0000000613e00000| Untracked 
| 156|0x0000000614000000, 0x0000000614000000, 0x0000000614200000|  0%| F|  |TAMS 0x0000000614000000, 0x0000000614000000| Untracked 
| 157|0x0000000614200000, 0x0000000614200000, 0x0000000614400000|  0%| F|  |TAMS 0x0000000614200000, 0x0000000614200000| Untracked 
| 158|0x0000000614400000, 0x0000000614400000, 0x0000000614600000|  0%| F|  |TAMS 0x0000000614400000, 0x0000000614400000| Untracked 
| 159|0x0000000614600000, 0x0000000614600000, 0x0000000614800000|  0%| F|  |TAMS 0x0000000614600000, 0x0000000614600000| Untracked 
| 160|0x0000000614800000, 0x0000000614800000, 0x0000000614a00000|  0%| F|  |TAMS 0x0000000614800000, 0x0000000614800000| Untracked 
| 161|0x0000000614a00000, 0x0000000614a00000, 0x0000000614c00000|  0%| F|  |TAMS 0x0000000614a00000, 0x0000000614a00000| Untracked 
| 162|0x0000000614c00000, 0x0000000614c00000, 0x0000000614e00000|  0%| F|  |TAMS 0x0000000614c00000, 0x0000000614c00000| Untracked 
| 163|0x0000000614e00000, 0x0000000614e00000, 0x0000000615000000|  0%| F|  |TAMS 0x0000000614e00000, 0x0000000614e00000| Untracked 
| 164|0x0000000615000000, 0x0000000615000000, 0x0000000615200000|  0%| F|  |TAMS 0x0000000615000000, 0x0000000615000000| Untracked 
| 165|0x0000000615200000, 0x0000000615200000, 0x0000000615400000|  0%| F|  |TAMS 0x0000000615200000, 0x0000000615200000| Untracked 
| 166|0x0000000615400000, 0x0000000615400000, 0x0000000615600000|  0%| F|  |TAMS 0x0000000615400000, 0x0000000615400000| Untracked 
| 167|0x0000000615600000, 0x0000000615600000, 0x0000000615800000|  0%| F|  |TAMS 0x0000000615600000, 0x0000000615600000| Untracked 
| 168|0x0000000615800000, 0x0000000615800000, 0x0000000615a00000|  0%| F|  |TAMS 0x0000000615800000, 0x0000000615800000| Untracked 
| 169|0x0000000615a00000, 0x0000000615a00000, 0x0000000615c00000|  0%| F|  |TAMS 0x0000000615a00000, 0x0000000615a00000| Untracked 
| 170|0x0000000615c00000, 0x0000000615c00000, 0x0000000615e00000|  0%| F|  |TAMS 0x0000000615c00000, 0x0000000615c00000| Untracked 
| 171|0x0000000615e00000, 0x0000000615e00000, 0x0000000616000000|  0%| F|  |TAMS 0x0000000615e00000, 0x0000000615e00000| Untracked 
| 172|0x0000000616000000, 0x0000000616000000, 0x0000000616200000|  0%| F|  |TAMS 0x0000000616000000, 0x0000000616000000| Untracked 
| 173|0x0000000616200000, 0x0000000616200000, 0x0000000616400000|  0%| F|  |TAMS 0x0000000616200000, 0x0000000616200000| Untracked 
| 174|0x0000000616400000, 0x0000000616400000, 0x0000000616600000|  0%| F|  |TAMS 0x0000000616400000, 0x0000000616400000| Untracked 
| 175|0x0000000616600000, 0x0000000616600000, 0x0000000616800000|  0%| F|  |TAMS 0x0000000616600000, 0x0000000616600000| Untracked 
| 176|0x0000000616800000, 0x0000000616800000, 0x0000000616a00000|  0%| F|  |TAMS 0x0000000616800000, 0x0000000616800000| Untracked 
| 177|0x0000000616a00000, 0x0000000616a00000, 0x0000000616c00000|  0%| F|  |TAMS 0x0000000616a00000, 0x0000000616a00000| Untracked 
| 178|0x0000000616c00000, 0x0000000616c00000, 0x0000000616e00000|  0%| F|  |TAMS 0x0000000616c00000, 0x0000000616c00000| Untracked 
| 179|0x0000000616e00000, 0x0000000616e00000, 0x0000000617000000|  0%| F|  |TAMS 0x0000000616e00000, 0x0000000616e00000| Untracked 
| 180|0x0000000617000000, 0x0000000617000000, 0x0000000617200000|  0%| F|  |TAMS 0x0000000617000000, 0x0000000617000000| Untracked 
| 181|0x0000000617200000, 0x0000000617200000, 0x0000000617400000|  0%| F|  |TAMS 0x0000000617200000, 0x0000000617200000| Untracked 
| 182|0x0000000617400000, 0x0000000617400000, 0x0000000617600000|  0%| F|  |TAMS 0x0000000617400000, 0x0000000617400000| Untracked 
| 183|0x0000000617600000, 0x0000000617600000, 0x0000000617800000|  0%| F|  |TAMS 0x0000000617600000, 0x0000000617600000| Untracked 
| 184|0x0000000617800000, 0x0000000617800000, 0x0000000617a00000|  0%| F|  |TAMS 0x0000000617800000, 0x0000000617800000| Untracked 
| 185|0x0000000617a00000, 0x0000000617a00000, 0x0000000617c00000|  0%| F|  |TAMS 0x0000000617a00000, 0x0000000617a00000| Untracked 
| 186|0x0000000617c00000, 0x0000000617c00000, 0x0000000617e00000|  0%| F|  |TAMS 0x0000000617c00000, 0x0000000617c00000| Untracked 
| 187|0x0000000617e00000, 0x0000000617e00000, 0x0000000618000000|  0%| F|  |TAMS 0x0000000617e00000, 0x0000000617e00000| Untracked 
| 188|0x0000000618000000, 0x0000000618000000, 0x0000000618200000|  0%| F|  |TAMS 0x0000000618000000, 0x0000000618000000| Untracked 
| 189|0x0000000618200000, 0x0000000618200000, 0x0000000618400000|  0%| F|  |TAMS 0x0000000618200000, 0x0000000618200000| Untracked 
| 190|0x0000000618400000, 0x0000000618400000, 0x0000000618600000|  0%| F|  |TAMS 0x0000000618400000, 0x0000000618400000| Untracked 
| 191|0x0000000618600000, 0x0000000618600000, 0x0000000618800000|  0%| F|  |TAMS 0x0000000618600000, 0x0000000618600000| Untracked 
| 192|0x0000000618800000, 0x0000000618800000, 0x0000000618a00000|  0%| F|  |TAMS 0x0000000618800000, 0x0000000618800000| Untracked 
| 193|0x0000000618a00000, 0x0000000618a00000, 0x0000000618c00000|  0%| F|  |TAMS 0x0000000618a00000, 0x0000000618a00000| Untracked 
| 194|0x0000000618c00000, 0x0000000618c00000, 0x0000000618e00000|  0%| F|  |TAMS 0x0000000618c00000, 0x0000000618c00000| Untracked 
| 195|0x0000000618e00000, 0x0000000618e00000, 0x0000000619000000|  0%| F|  |TAMS 0x0000000618e00000, 0x0000000618e00000| Untracked 
| 196|0x0000000619000000, 0x0000000619000000, 0x0000000619200000|  0%| F|  |TAMS 0x0000000619000000, 0x0000000619000000| Untracked 
| 197|0x0000000619200000, 0x0000000619200000, 0x0000000619400000|  0%| F|  |TAMS 0x0000000619200000, 0x0000000619200000| Untracked 
| 198|0x0000000619400000, 0x0000000619400000, 0x0000000619600000|  0%| F|  |TAMS 0x0000000619400000, 0x0000000619400000| Untracked 
| 199|0x0000000619600000, 0x0000000619600000, 0x0000000619800000|  0%| F|  |TAMS 0x0000000619600000, 0x0000000619600000| Untracked 
| 200|0x0000000619800000, 0x0000000619800000, 0x0000000619a00000|  0%| F|  |TAMS 0x0000000619800000, 0x0000000619800000| Untracked 
| 201|0x0000000619a00000, 0x0000000619a00000, 0x0000000619c00000|  0%| F|  |TAMS 0x0000000619a00000, 0x0000000619a00000| Untracked 
| 202|0x0000000619c00000, 0x0000000619c00000, 0x0000000619e00000|  0%| F|  |TAMS 0x0000000619c00000, 0x0000000619c00000| Untracked 
| 203|0x0000000619e00000, 0x0000000619e00000, 0x000000061a000000|  0%| F|  |TAMS 0x0000000619e00000, 0x0000000619e00000| Untracked 
| 204|0x000000061a000000, 0x000000061a000000, 0x000000061a200000|  0%| F|  |TAMS 0x000000061a000000, 0x000000061a000000| Untracked 
| 205|0x000000061a200000, 0x000000061a200000, 0x000000061a400000|  0%| F|  |TAMS 0x000000061a200000, 0x000000061a200000| Untracked 
| 206|0x000000061a400000, 0x000000061a400000, 0x000000061a600000|  0%| F|  |TAMS 0x000000061a400000, 0x000000061a400000| Untracked 
| 207|0x000000061a600000, 0x000000061a600000, 0x000000061a800000|  0%| F|  |TAMS 0x000000061a600000, 0x000000061a600000| Untracked 
| 208|0x000000061a800000, 0x000000061a800000, 0x000000061aa00000|  0%| F|  |TAMS 0x000000061a800000, 0x000000061a800000| Untracked 
| 209|0x000000061aa00000, 0x000000061aa00000, 0x000000061ac00000|  0%| F|  |TAMS 0x000000061aa00000, 0x000000061aa00000| Untracked 
| 210|0x000000061ac00000, 0x000000061ac00000, 0x000000061ae00000|  0%| F|  |TAMS 0x000000061ac00000, 0x000000061ac00000| Untracked 
| 211|0x000000061ae00000, 0x000000061ae00000, 0x000000061b000000|  0%| F|  |TAMS 0x000000061ae00000, 0x000000061ae00000| Untracked 
| 212|0x000000061b000000, 0x000000061b000000, 0x000000061b200000|  0%| F|  |TAMS 0x000000061b000000, 0x000000061b000000| Untracked 
| 213|0x000000061b200000, 0x000000061b200000, 0x000000061b400000|  0%| F|  |TAMS 0x000000061b200000, 0x000000061b200000| Untracked 
| 214|0x000000061b400000, 0x000000061b400000, 0x000000061b600000|  0%| F|  |TAMS 0x000000061b400000, 0x000000061b400000| Untracked 
| 215|0x000000061b600000, 0x000000061b600000, 0x000000061b800000|  0%| F|  |TAMS 0x000000061b600000, 0x000000061b600000| Untracked 
| 216|0x000000061b800000, 0x000000061b800000, 0x000000061ba00000|  0%| F|  |TAMS 0x000000061b800000, 0x000000061b800000| Untracked 
| 217|0x000000061ba00000, 0x000000061ba00000, 0x000000061bc00000|  0%| F|  |TAMS 0x000000061ba00000, 0x000000061ba00000| Untracked 
| 218|0x000000061bc00000, 0x000000061bc00000, 0x000000061be00000|  0%| F|  |TAMS 0x000000061bc00000, 0x000000061bc00000| Untracked 
| 219|0x000000061be00000, 0x000000061be00000, 0x000000061c000000|  0%| F|  |TAMS 0x000000061be00000, 0x000000061be00000| Untracked 
| 220|0x000000061c000000, 0x000000061c000000, 0x000000061c200000|  0%| F|  |TAMS 0x000000061c000000, 0x000000061c000000| Untracked 
| 221|0x000000061c200000, 0x000000061c200000, 0x000000061c400000|  0%| F|  |TAMS 0x000000061c200000, 0x000000061c200000| Untracked 
| 222|0x000000061c400000, 0x000000061c400000, 0x000000061c600000|  0%| F|  |TAMS 0x000000061c400000, 0x000000061c400000| Untracked 
| 223|0x000000061c600000, 0x000000061c600000, 0x000000061c800000|  0%| F|  |TAMS 0x000000061c600000, 0x000000061c600000| Untracked 
| 224|0x000000061c800000, 0x000000061c800000, 0x000000061ca00000|  0%| F|  |TAMS 0x000000061c800000, 0x000000061c800000| Untracked 
| 225|0x000000061ca00000, 0x000000061ca00000, 0x000000061cc00000|  0%| F|  |TAMS 0x000000061ca00000, 0x000000061ca00000| Untracked 
| 226|0x000000061cc00000, 0x000000061cc00000, 0x000000061ce00000|  0%| F|  |TAMS 0x000000061cc00000, 0x000000061cc00000| Untracked 
| 227|0x000000061ce00000, 0x000000061ce00000, 0x000000061d000000|  0%| F|  |TAMS 0x000000061ce00000, 0x000000061ce00000| Untracked 
| 228|0x000000061d000000, 0x000000061d000000, 0x000000061d200000|  0%| F|  |TAMS 0x000000061d000000, 0x000000061d000000| Untracked 
| 229|0x000000061d200000, 0x000000061d200000, 0x000000061d400000|  0%| F|  |TAMS 0x000000061d200000, 0x000000061d200000| Untracked 
| 230|0x000000061d400000, 0x000000061d400000, 0x000000061d600000|  0%| F|  |TAMS 0x000000061d400000, 0x000000061d400000| Untracked 
| 231|0x000000061d600000, 0x000000061d600000, 0x000000061d800000|  0%| F|  |TAMS 0x000000061d600000, 0x000000061d600000| Untracked 
| 232|0x000000061d800000, 0x000000061d800000, 0x000000061da00000|  0%| F|  |TAMS 0x000000061d800000, 0x000000061d800000| Untracked 
| 233|0x000000061da00000, 0x000000061da00000, 0x000000061dc00000|  0%| F|  |TAMS 0x000000061da00000, 0x000000061da00000| Untracked 
| 234|0x000000061dc00000, 0x000000061dc00000, 0x000000061de00000|  0%| F|  |TAMS 0x000000061dc00000, 0x000000061dc00000| Untracked 
| 235|0x000000061de00000, 0x000000061de00000, 0x000000061e000000|  0%| F|  |TAMS 0x000000061de00000, 0x000000061de00000| Untracked 
| 236|0x000000061e000000, 0x000000061e000000, 0x000000061e200000|  0%| F|  |TAMS 0x000000061e000000, 0x000000061e000000| Untracked 
| 237|0x000000061e200000, 0x000000061e200000, 0x000000061e400000|  0%| F|  |TAMS 0x000000061e200000, 0x000000061e200000| Untracked 
| 238|0x000000061e400000, 0x000000061e400000, 0x000000061e600000|  0%| F|  |TAMS 0x000000061e400000, 0x000000061e400000| Untracked 
| 239|0x000000061e600000, 0x000000061e600000, 0x000000061e800000|  0%| F|  |TAMS 0x000000061e600000, 0x000000061e600000| Untracked 
| 240|0x000000061e800000, 0x000000061e800000, 0x000000061ea00000|  0%| F|  |TAMS 0x000000061e800000, 0x000000061e800000| Untracked 
| 241|0x000000061ea00000, 0x000000061ea00000, 0x000000061ec00000|  0%| F|  |TAMS 0x000000061ea00000, 0x000000061ea00000| Untracked 
| 242|0x000000061ec00000, 0x000000061ee00000, 0x000000061ee00000|100%| S|CS|TAMS 0x000000061ec00000, 0x000000061ec00000| Complete 
| 243|0x000000061ee00000, 0x000000061f000000, 0x000000061f000000|100%| S|CS|TAMS 0x000000061ee00000, 0x000000061ee00000| Complete 
| 244|0x000000061f000000, 0x000000061f000000, 0x000000061f200000|  0%| F|  |TAMS 0x000000061f000000, 0x000000061f000000| Untracked 
| 245|0x000000061f200000, 0x000000061f200000, 0x000000061f400000|  0%| F|  |TAMS 0x000000061f200000, 0x000000061f200000| Untracked 
| 246|0x000000061f400000, 0x000000061f400000, 0x000000061f600000|  0%| F|  |TAMS 0x000000061f400000, 0x000000061f400000| Untracked 
| 247|0x000000061f600000, 0x000000061f600000, 0x000000061f800000|  0%| F|  |TAMS 0x000000061f600000, 0x000000061f600000| Untracked 
| 248|0x000000061f800000, 0x000000061f800000, 0x000000061fa00000|  0%| F|  |TAMS 0x000000061f800000, 0x000000061f800000| Untracked 
| 249|0x000000061fa00000, 0x000000061fa00000, 0x000000061fc00000|  0%| F|  |TAMS 0x000000061fa00000, 0x000000061fa00000| Untracked 
| 250|0x000000061fc00000, 0x000000061fc00000, 0x000000061fe00000|  0%| F|  |TAMS 0x000000061fc00000, 0x000000061fc00000| Untracked 
| 251|0x000000061fe00000, 0x000000061fe00000, 0x0000000620000000|  0%| F|  |TAMS 0x000000061fe00000, 0x000000061fe00000| Untracked 
| 252|0x0000000620000000, 0x0000000620000000, 0x0000000620200000|  0%| F|  |TAMS 0x0000000620000000, 0x0000000620000000| Untracked 
| 253|0x0000000620200000, 0x0000000620200000, 0x0000000620400000|  0%| F|  |TAMS 0x0000000620200000, 0x0000000620200000| Untracked 
| 254|0x0000000620400000, 0x0000000620400000, 0x0000000620600000|  0%| F|  |TAMS 0x0000000620400000, 0x0000000620400000| Untracked 
| 255|0x0000000620600000, 0x0000000620600000, 0x0000000620800000|  0%| F|  |TAMS 0x0000000620600000, 0x0000000620600000| Untracked 

Card table byte_map: [0x000001f6482c0000,0x000001f6492c0000] _byte_map_base: 0x000001f6452bc000

Marking Bits (Prev, Next): (CMBitMap*) 0x000001f62fc209c8, (CMBitMap*) 0x000001f62fc20a00
 Prev Bits: [0x000001f64a2c0000, 0x000001f6522a0000)
 Next Bits: [0x000001f6522a0000, 0x000001f65a280000)

Polling page: 0x000001f62f380000

Metaspace:

Usage:
  Non-class:      9.02 MB capacity,     8.89 MB ( 99%) used,   120.27 KB (  1%) free+waste,    12.75 KB ( <1%) overhead. 
      Class:   1014.00 KB capacity,   952.11 KB ( 94%) used,    55.89 KB (  6%) free+waste,     6.00 KB ( <1%) overhead. 
       Both:     10.01 MB capacity,     9.82 MB ( 98%) used,   176.16 KB (  2%) free+waste,    18.75 KB ( <1%) overhead. 

Virtual space:
  Non-class space:       10.00 MB reserved,       9.25 MB ( 93%) committed 
      Class space:        1.00 GB reserved,       1.00 MB ( <1%) committed 
             Both:        1.01 GB reserved,      10.25 MB ( <1%) committed 

Chunk freelists:
   Non-Class:  40.00 KB
       Class:  10.00 KB
        Both:  50.00 KB

MaxMetaspaceSize: 17179869184.00 GB
CompressedClassSpaceSize: 1.00 GB
Initial GC threshold: 20.80 MB
Current GC threshold: 20.80 MB
CDS: off

CodeHeap 'non-profiled nmethods': size=120064Kb used=502Kb max_used=502Kb free=119562Kb
 bounds [0x000001f63fd80000, 0x000001f63fff0000, 0x000001f6472c0000]
CodeHeap 'profiled nmethods': size=120000Kb used=1289Kb max_used=1289Kb free=118710Kb
 bounds [0x000001f638850000, 0x000001f638ac0000, 0x000001f63fd80000]
CodeHeap 'non-nmethods': size=5696Kb used=1130Kb max_used=1152Kb free=4565Kb
 bounds [0x000001f6382c0000, 0x000001f638530000, 0x000001f638850000]
 total_blobs=1243 nmethods=868 adapters=288
 compilation: enabled
              stopped_count=0, restarted_count=0
 full_count=0

Compilation events (20 events):
Event: 1.281 Thread 0x000001f65d15f000 nmethod 866 0x000001f638990310 code [0x000001f6389904c0, 0x000001f638990618]
Event: 1.281 Thread 0x000001f65d15f000  867       3       java.lang.String::<init> (74 bytes)
Event: 1.281 Thread 0x000001f65d15f000 nmethod 867 0x000001f638990690 code [0x000001f6389908a0, 0x000001f638990f18]
Event: 1.282 Thread 0x000001f65d15f000  868       3       java.nio.Buffer::<init> (99 bytes)
Event: 1.282 Thread 0x000001f65d15f000 nmethod 868 0x000001f638991190 code [0x000001f638991480, 0x000001f6389921f8]
Event: 1.284 Thread 0x000001f65d2ed800 nmethod 856 0x000001f63fdf6010 code [0x000001f63fdf61e0, 0x000001f63fdf6b58]
Event: 1.284 Thread 0x000001f65d2ed800  854       4       java.lang.String::startsWith (138 bytes)
Event: 1.287 Thread 0x000001f65d2ed800 nmethod 854 0x000001f63fdf6f10 code [0x000001f63fdf70a0, 0x000001f63fdf7258]
Event: 1.287 Thread 0x000001f65d2ed800  858       4       sun.security.util.SignatureFileVerifier::updateSigners (132 bytes)
Event: 1.289 Thread 0x000001f65d153000 nmethod 837% 0x000001f63fdf7410 code [0x000001f63fdf7720, 0x000001f63fdf9d60]
Event: 1.289 Thread 0x000001f65d153000  857       4       java.util.HashMap$EntryIterator::next (5 bytes)
Event: 1.290 Thread 0x000001f65d2ed800 nmethod 858 0x000001f63fdfb710 code [0x000001f63fdfb900, 0x000001f63fdfbd10]
Event: 1.290 Thread 0x000001f65d2ed800  855       4       java.lang.String::startsWith (7 bytes)
Event: 1.292 Thread 0x000001f65d2ed800 nmethod 855 0x000001f63fdfc110 code [0x000001f63fdfc2a0, 0x000001f63fdfc418]
Event: 1.292 Thread 0x000001f65d2ed800  859 %     4       java.util.Hashtable::rehash @ 76 (142 bytes)
Event: 1.295 Thread 0x000001f65d153000 nmethod 857 0x000001f63fdfc610 code [0x000001f63fdfc7a0, 0x000001f63fdfcb98]
Event: 1.295 Thread 0x000001f65d153000  853       4       java.util.ArrayList::get (15 bytes)
Event: 1.296 Thread 0x000001f65d153000 nmethod 853 0x000001f63fdfcd10 code [0x000001f63fdfcea0, 0x000001f63fdfcf98]
Event: 1.298 Thread 0x000001f65d2ed800 nmethod 859% 0x000001f63fdfd090 code [0x000001f63fdfd240, 0x000001f63fdfd638]
Event: 1.311 Thread 0x000001f65d153000  869       4       java.util.HashMap::putVal (300 bytes)

GC Heap History (9 events):
Event: 0.426 GC heap before
{Heap before GC invocations=0 (full 0):
 garbage-first heap   total 524288K, used 53248K [0x0000000600800000, 0x0000000800000000)
  region size 2048K, 12 young (24576K), 0 survivors (0K)
 Metaspace       used 5534K, capacity 5598K, committed 5888K, reserved 1056768K
  class space    used 453K, capacity 458K, committed 512K, reserved 1048576K
}
Event: 0.446 GC heap after
{Heap after GC invocations=1 (full 0):
 garbage-first heap   total 524288K, used 25801K [0x0000000600800000, 0x0000000800000000)
  region size 2048K, 2 young (4096K), 2 survivors (4096K)
 Metaspace       used 5534K, capacity 5598K, committed 5888K, reserved 1056768K
  class space    used 453K, capacity 458K, committed 512K, reserved 1048576K
}
Event: 0.640 GC heap before
{Heap before GC invocations=1 (full 0):
 garbage-first heap   total 524288K, used 46281K [0x0000000600800000, 0x0000000800000000)
  region size 2048K, 12 young (24576K), 2 survivors (4096K)
 Metaspace       used 7126K, capacity 7169K, committed 7296K, reserved 1056768K
  class space    used 603K, capacity 619K, committed 640K, reserved 1048576K
}
Event: 0.649 GC heap after
{Heap after GC invocations=2 (full 0):
 garbage-first heap   total 524288K, used 38396K [0x0000000600800000, 0x0000000800000000)
  region size 2048K, 2 young (4096K), 2 survivors (4096K)
 Metaspace       used 7126K, capacity 7169K, committed 7296K, reserved 1056768K
  class space    used 603K, capacity 619K, committed 640K, reserved 1048576K
}
Event: 1.082 GC heap before
{Heap before GC invocations=2 (full 0):
 garbage-first heap   total 524288K, used 65020K [0x0000000600800000, 0x0000000800000000)
  region size 2048K, 12 young (24576K), 2 survivors (4096K)
 Metaspace       used 10002K, capacity 10190K, committed 10240K, reserved 1058816K
  class space    used 947K, capacity 1014K, committed 1024K, reserved 1048576K
}
Event: 1.088 GC heap after
{Heap after GC invocations=3 (full 0):
 garbage-first heap   total 524288K, used 50692K [0x0000000600800000, 0x0000000800000000)
  region size 2048K, 2 young (4096K), 2 survivors (4096K)
 Metaspace       used 10002K, capacity 10190K, committed 10240K, reserved 1058816K
  class space    used 947K, capacity 1014K, committed 1024K, reserved 1048576K
}
Event: 1.186 GC heap before
{Heap before GC invocations=3 (full 0):
 garbage-first heap   total 524288K, used 87556K [0x0000000600800000, 0x0000000800000000)
  region size 2048K, 12 young (24576K), 2 survivors (4096K)
 Metaspace       used 10009K, capacity 10190K, committed 10240K, reserved 1058816K
  class space    used 947K, capacity 1014K, committed 1024K, reserved 1048576K
}
Event: 1.194 GC heap after
{Heap after GC invocations=4 (full 0):
 garbage-first heap   total 524288K, used 65536K [0x0000000600800000, 0x0000000800000000)
  region size 2048K, 2 young (4096K), 2 survivors (4096K)
 Metaspace       used 10009K, capacity 10190K, committed 10240K, reserved 1058816K
  class space    used 947K, capacity 1014K, committed 1024K, reserved 1048576K
}
Event: 1.315 GC heap before
{Heap before GC invocations=4 (full 0):
 garbage-first heap   total 524288K, used 94208K [0x0000000600800000, 0x0000000800000000)
  region size 2048K, 12 young (24576K), 2 survivors (4096K)
 Metaspace       used 10059K, capacity 10254K, committed 10496K, reserved 1058816K
  class space    used 952K, capacity 1014K, committed 1024K, reserved 1048576K
}

Deoptimization events (20 events):
Event: 1.235 Thread 0x000001f62fb9d800 Uncommon trap: trap_request=0xffffffde fr.pc=0x000001f63fdb4fa4 relative=0x0000000000001084
Event: 1.235 Thread 0x000001f62fb9d800 Uncommon trap: reason=class_check action=maybe_recompile pc=0x000001f63fdb4fa4 method=java.util.HashMap.putVal(ILjava/lang/Object;Ljava/lang/Object;ZZ)Ljava/lang/Object; @ 91 c2
Event: 1.235 Thread 0x000001f62fb9d800 DEOPT PACKING pc=0x000001f63fdb4fa4 sp=0x000000e21b7fbb20
Event: 1.236 Thread 0x000001f62fb9d800 DEOPT UNPACKING pc=0x000001f63830a1af sp=0x000000e21b7fbb00 mode 2
Event: 1.244 Thread 0x000001f62fb9d800 DEOPT PACKING pc=0x000001f6389363a7 sp=0x000000e21b7fb9f0
Event: 1.244 Thread 0x000001f62fb9d800 DEOPT UNPACKING pc=0x000001f63830a95e sp=0x000000e21b7fae30 mode 0
Event: 1.248 Thread 0x000001f62fb9d800 Uncommon trap: trap_request=0xffffffde fr.pc=0x000001f63fdea5c0 relative=0x00000000000003a0
Event: 1.248 Thread 0x000001f62fb9d800 Uncommon trap: reason=class_check action=maybe_recompile pc=0x000001f63fdea5c0 method=java.util.HashMap.putMapEntries(Ljava/util/Map;Z)V @ 1 c2
Event: 1.248 Thread 0x000001f62fb9d800 DEOPT PACKING pc=0x000001f63fdea5c0 sp=0x000000e21b7fbdd0
Event: 1.249 Thread 0x000001f62fb9d800 DEOPT UNPACKING pc=0x000001f63830a1af sp=0x000000e21b7fbd98 mode 2
Event: 1.258 Thread 0x000001f62fb9d800 Uncommon trap: trap_request=0xffffff4d fr.pc=0x000001f63fdc760c relative=0x000000000000070c
Event: 1.258 Thread 0x000001f62fb9d800 Uncommon trap: reason=unstable_if action=reinterpret pc=0x000001f63fdc760c method=sun.security.util.SignatureFileVerifier.updateSigners([Ljava/security/CodeSigner;Ljava/util/Hashtable;Ljava/lang/String;)V @ 24 c2
Event: 1.258 Thread 0x000001f62fb9d800 DEOPT PACKING pc=0x000001f63fdc760c sp=0x000000e21b7fbec0
Event: 1.258 Thread 0x000001f62fb9d800 DEOPT UNPACKING pc=0x000001f63830a1af sp=0x000000e21b7fbea0 mode 2
Event: 1.270 Thread 0x000001f62fb9d800 Uncommon trap: trap_request=0xffffff4d fr.pc=0x000001f63fde9778 relative=0x00000000000001b8
Event: 1.270 Thread 0x000001f62fb9d800 Uncommon trap: reason=unstable_if action=reinterpret pc=0x000001f63fde9778 method=java.util.LinkedHashMap.entrySet()Ljava/util/Set; @ 6 c2
Event: 1.270 Thread 0x000001f62fb9d800 DEOPT PACKING pc=0x000001f63fde9778 sp=0x000000e21b7fc080
Event: 1.270 Thread 0x000001f62fb9d800 DEOPT UNPACKING pc=0x000001f63830a1af sp=0x000000e21b7fbfd8 mode 2
Event: 1.314 Thread 0x000001f62fb9d800 DEOPT PACKING pc=0x000001f638977b95 sp=0x000000e21b7fbe40
Event: 1.314 Thread 0x000001f62fb9d800 DEOPT UNPACKING pc=0x000001f63830a95e sp=0x000000e21b7fb3b0 mode 0

Classes redefined (0 events):
No events

Internal exceptions (7 events):
Event: 0.581 Thread 0x000001f62fb9d800 Implicit null exception at 0x000001f63fd925f8 to 0x000001f63fd926d4
Event: 0.900 Thread 0x000001f62fb9d800 Exception <a 'java/lang/NoSuchMethodError'{0x00000006202c0bd8}: 'int java.lang.invoke.DirectMethodHandle$Holder.invokeSpecialIFC(java.lang.Object, java.lang.Object, int)'> (0x00000006202c0bd8) thrown at [./src/hotspot/share/interpreter/linkResolver.cpp, line 773]
Event: 0.933 Thread 0x000001f62fb9d800 Exception <a 'java/lang/NoSuchMethodError'{0x000000062032e2f8}: 'java.lang.Object java.lang.invoke.DirectMethodHandle$Holder.invokeStatic(java.lang.Object, java.lang.Object, java.lang.Object, java.lang.Object, java.lang.Object, java.lang.Object, java.lang.Object, java.lang.Object, java.lang.Object, java.lang.Object, java.lang.Object, java.lang.Object, java.lang.Object, java.lang.Object, java.lang.Object)'> (0x000000062032e2f8) thrown at [./src/hotspot/share/interpreter/linkResolver.cpp, line 773]
Event: 0.935 Thread 0x000001f62fb9d800 Exception <a 'java/lang/NoSuchMethodError'{0x000000062033c2a8}: 'java.lang.Object java.lang.invoke.DirectMethodHandle$Holder.invokeStatic(java.lang.Object, java.lang.Object, java.lang.Object, java.lang.Object, java.lang.Object, java.lang.Object, java.lang.Object, java.lang.Object, java.lang.Object, java.lang.Object, java.lang.Object, java.lang.Object, java.lang.Object, java.lang.Object, java.lang.Object, java.lang.Object)'> (0x000000062033c2a8) thrown at [./src/hotspot/share/interpreter/linkResolver.cpp, l
Event: 0.942 Thread 0x000001f62fb9d800 Exception <a 'java/lang/NoSuchMethodError'{0x0000000620349f18}: 'java.lang.Object java.lang.invoke.DirectMethodHandle$Holder.invokeSpecial(java.lang.Object, java.lang.Object, int, int, java.lang.Object, java.lang.Object, java.lang.Object)'> (0x0000000620349f18) thrown at [./src/hotspot/share/interpreter/linkResolver.cpp, line 773]
Event: 0.942 Thread 0x000001f62fb9d800 Exception <a 'java/lang/NoSuchMethodError'{0x000000062034d4a8}: 'java.lang.Object java.lang.invoke.DelegatingMethodHandle$Holder.reinvoke_L(java.lang.Object, int, int, java.lang.Object, java.lang.Object, java.lang.Object)'> (0x000000062034d4a8) thrown at [./src/hotspot/share/interpreter/linkResolver.cpp, line 773]
Event: 0.943 Thread 0x000001f62fb9d800 Exception <a 'java/lang/NoSuchMethodError'{0x0000000620351830}: 'java.lang.Object java.lang.invoke.DirectMethodHandle$Holder.invokeStatic(java.lang.Object, java.lang.Object, java.lang.Object, java.lang.Object, int)'> (0x0000000620351830) thrown at [./src/hotspot/share/interpreter/linkResolver.cpp, line 773]

Events (20 events):
Event: 1.200 Executing VM operation: RevokeBias done
Event: 1.216 Executing VM operation: RevokeBias
Event: 1.216 Executing VM operation: RevokeBias done
Event: 1.276 loading class org/apache/xerces/jaxp/DocumentBuilderFactoryImpl
Event: 1.276 loading class org/apache/xerces/jaxp/DocumentBuilderFactoryImpl done
Event: 1.278 loading class javax/xml/parsers/ParserConfigurationException
Event: 1.278 loading class javax/xml/parsers/ParserConfigurationException done
Event: 1.278 loading class javax/xml/parsers/DocumentBuilder
Event: 1.278 loading class javax/xml/parsers/DocumentBuilder done
Event: 1.278 loading class org/apache/xerces/jaxp/DocumentBuilderImpl
Event: 1.278 loading class org/apache/xerces/jaxp/DocumentBuilderImpl done
Event: 1.279 loading class org/apache/xerces/jaxp/JAXPConstants
Event: 1.279 loading class org/apache/xerces/jaxp/JAXPConstants done
Event: 1.280 loading class org/xml/sax/SAXNotRecognizedException
Event: 1.280 loading class org/xml/sax/SAXNotRecognizedException done
Event: 1.280 loading class org/xml/sax/SAXNotSupportedException
Event: 1.280 loading class org/xml/sax/SAXNotSupportedException done
Event: 1.280 loading class javax/xml/parsers/SAXParserFactory
Event: 1.280 loading class javax/xml/parsers/SAXParserFactory done
Event: 1.314 Executing VM operation: G1CollectForAllocation


Dynamic libraries:
0x00007ff6fa6e0000 - 0x00007ff6fa6ed000 	C:\Program Files\Microsoft\jdk-11.0.12.7-hotspot\bin\java.exe
0x00007ffb20d50000 - 0x00007ffb20f48000 	C:\Windows\SYSTEM32\ntdll.dll
0x00007ffb1f7f0000 - 0x00007ffb1f8ad000 	C:\Windows\System32\KERNEL32.DLL
0x00007ffb1e750000 - 0x00007ffb1ea1e000 	C:\Windows\System32\KERNELBASE.dll
0x00007ffb1ea20000 - 0x00007ffb1eb20000 	C:\Windows\System32\ucrtbase.dll
0x00007ffb15340000 - 0x00007ffb15357000 	C:\Program Files\Microsoft\jdk-11.0.12.7-hotspot\bin\jli.dll
0x00007ffb17400000 - 0x00007ffb17415000 	C:\Program Files\Microsoft\jdk-11.0.12.7-hotspot\bin\VCRUNTIME140.dll
0x00007ffb1fbf0000 - 0x00007ffb1fd90000 	C:\Windows\System32\USER32.dll
0x00007ffb0c740000 - 0x00007ffb0c9da000 	C:\Windows\WinSxS\amd64_microsoft.windows.common-controls_6595b64144ccf1df_6.0.19041.1110_none_60b5254171f9507e\COMCTL32.dll
0x00007ffb1e670000 - 0x00007ffb1e692000 	C:\Windows\System32\win32u.dll
0x00007ffb1f8b0000 - 0x00007ffb1f94e000 	C:\Windows\System32\msvcrt.dll
0x00007ffb1efc0000 - 0x00007ffb1efea000 	C:\Windows\System32\GDI32.dll
0x00007ffb1ebc0000 - 0x00007ffb1eccb000 	C:\Windows\System32\gdi32full.dll
0x00007ffb1eb20000 - 0x00007ffb1ebbd000 	C:\Windows\System32\msvcp_win.dll
0x00007ffb1f670000 - 0x00007ffb1f6a0000 	C:\Windows\System32\IMM32.DLL
0x00007ffb09e70000 - 0x00007ffb09f0b000 	C:\Program Files\Microsoft\jdk-11.0.12.7-hotspot\bin\msvcp140.dll
0x00007ffad1690000 - 0x00007ffad21f1000 	C:\Program Files\Microsoft\jdk-11.0.12.7-hotspot\bin\server\jvm.dll
0x00007ffb20510000 - 0x00007ffb205be000 	C:\Windows\System32\ADVAPI32.dll
0x00007ffb1f960000 - 0x00007ffb1f9fc000 	C:\Windows\System32\sechost.dll
0x00007ffb1edb0000 - 0x00007ffb1eed5000 	C:\Windows\System32\RPCRT4.dll
0x00007ffb205c0000 - 0x00007ffb205c8000 	C:\Windows\System32\PSAPI.DLL
0x00007ffb158f0000 - 0x00007ffb15917000 	C:\Windows\SYSTEM32\WINMM.dll
0x00007ffb05ac0000 - 0x00007ffb05ac9000 	C:\Windows\SYSTEM32\WSOCK32.dll
0x00007ffb16e20000 - 0x00007ffb16e2a000 	C:\Windows\SYSTEM32\VERSION.dll
0x00007ffb1fa00000 - 0x00007ffb1fa6b000 	C:\Windows\System32\WS2_32.dll
0x00007ffb1c2b0000 - 0x00007ffb1c2c2000 	C:\Windows\SYSTEM32\kernel.appcore.dll
0x00007ffb17450000 - 0x00007ffb17460000 	C:\Program Files\Microsoft\jdk-11.0.12.7-hotspot\bin\verify.dll
0x00007ffaffeb0000 - 0x00007ffb00094000 	C:\Windows\SYSTEM32\DBGHELP.DLL
0x00007ffafe670000 - 0x00007ffafe69c000 	C:\Windows\SYSTEM32\dbgcore.DLL
0x00007ffb1ed20000 - 0x00007ffb1eda2000 	C:\Windows\System32\bcryptPrimitives.dll
0x00007ffb0e610000 - 0x00007ffb0e638000 	C:\Program Files\Microsoft\jdk-11.0.12.7-hotspot\bin\java.dll
0x00007ffb16fc0000 - 0x00007ffb16fca000 	C:\Program Files\Microsoft\jdk-11.0.12.7-hotspot\bin\jimage.dll
0x00007ffb0e120000 - 0x00007ffb0e137000 	C:\Program Files\Microsoft\jdk-11.0.12.7-hotspot\bin\zip.dll
0x00007ffb1fd90000 - 0x00007ffb204d4000 	C:\Windows\System32\SHELL32.dll
0x00007ffb1c590000 - 0x00007ffb1cd24000 	C:\Windows\SYSTEM32\windows.storage.dll
0x00007ffb208d0000 - 0x00007ffb20c24000 	C:\Windows\System32\combase.dll
0x00007ffb1ded0000 - 0x00007ffb1df00000 	C:\Windows\SYSTEM32\Wldp.dll
0x00007ffb1fa70000 - 0x00007ffb1fb1d000 	C:\Windows\System32\SHCORE.dll
0x00007ffb1f6a0000 - 0x00007ffb1f6f5000 	C:\Windows\System32\shlwapi.dll
0x00007ffb1e3b0000 - 0x00007ffb1e3cf000 	C:\Windows\SYSTEM32\profapi.dll
0x00007ffb0dca0000 - 0x00007ffb0dcb9000 	C:\Program Files\Microsoft\jdk-11.0.12.7-hotspot\bin\net.dll
0x00007ffb16320000 - 0x00007ffb1642a000 	C:\Windows\SYSTEM32\WINHTTP.dll
0x00007ffb1dc30000 - 0x00007ffb1dc9a000 	C:\Windows\system32\mswsock.dll
0x00007ffaf9e20000 - 0x00007ffaf9e32000 	C:\Program Files\Microsoft\jdk-11.0.12.7-hotspot\bin\nio.dll

dbghelp: loaded successfully - version: 4.0.5 - missing functions: none
symbol engine: initialized successfully - sym options: 0x614 - pdb path: .;C:\Program Files\Microsoft\jdk-11.0.12.7-hotspot\bin;C:\Windows\SYSTEM32;C:\Windows\WinSxS\amd64_microsoft.windows.common-controls_6595b64144ccf1df_6.0.19041.1110_none_60b5254171f9507e;C:\Program Files\Microsoft\jdk-11.0.12.7-hotspot\bin\server

VM Arguments:
java_command: com.xamarin.manifestmerger.Main obj\Debug\120\android\manifestmerger.rsp
java_class_path (initial): C:\Program Files\Microsoft Visual Studio\2022\Community\MSBuild\Xamarin\Android\manifestmerger.jar
Launcher Type: SUN_STANDARD

[Global flags]
     intx CICompilerCount                          = 3                                         {product} {ergonomic}
     uint ConcGCThreads                            = 1                                         {product} {ergonomic}
     uint G1ConcRefinementThreads                  = 4                                         {product} {ergonomic}
   size_t G1HeapRegionSize                         = 2097152                                   {product} {ergonomic}
    uintx GCDrainStackTargetSize                   = 64                                        {product} {ergonomic}
   size_t InitialHeapSize                          = 536870912                                 {product} {ergonomic}
   size_t MarkStackSize                            = 4194304                                   {product} {ergonomic}
   size_t MaxHeapSize                              = 8581545984                                {product} {ergonomic}
   size_t MaxNewSize                               = 5148508160                                {product} {ergonomic}
   size_t MinHeapDeltaBytes                        = 2097152                                   {product} {ergonomic}
    uintx NonNMethodCodeHeapSize                   = 5830732                                {pd product} {ergonomic}
    uintx NonProfiledCodeHeapSize                  = 122913754                              {pd product} {ergonomic}
    uintx ProfiledCodeHeapSize                     = 122913754                              {pd product} {ergonomic}
    uintx ReservedCodeCacheSize                    = 251658240                              {pd product} {ergonomic}
     bool SegmentedCodeCache                       = true                                      {product} {ergonomic}
     bool UseCompressedClassPointers               = true                                 {lp64_product} {ergonomic}
     bool UseCompressedOops                        = true                                 {lp64_product} {ergonomic}
     bool UseG1GC                                  = true                                      {product} {ergonomic}
     bool UseLargePagesIndividualAllocation        = false                                  {pd product} {ergonomic}

Logging:
Log output configuration:
 #0: stdout all=warning uptime,level,tags
 #1: stderr all=off uptime,level,tags

Environment Variables:
PATH=C:\Program Files (x86)\VMware\VMware Player\bin\;C:\Program Files\Microsoft\jdk-11.0.12.7-hotspot\bin;C:\Program Files\Eclipse Foundation\jdk-8.0.302.8-hotspot\bin;C:\Program Files\Common Files\Oracle\Java\javapath;C:\Program Files (x86)\Common Files\Oracle\Java\javapath;C:\Windows\system32;C:\Windows;C:\Windows\System32\Wbem;C:\Windows\System32\WindowsPowerShell\v1.0\;C:\Windows\System32\OpenSSH\;C:\Program Files\Git\cmd;C:\Program Files\nodejs\;C:\Users\djsha\AppData\Local\Android\Sdk\platform-tools;C:\Users\djsha\AppData\Local\Android\Sdk\ndk\24.0.8215888;C:\Program Files (x86)\Microsoft SQL Server\150\DTS\Binn\;C:\Program Files\Azure Data Studio\bin;C:\Program Files\3D Space\TopoLT V13\;C:\Program Files\Microsoft SQL Server\130\Tools\Binn\;C:\Program Files\Microsoft SQL Server\150\Tools\Binn\;C:\Program Files\Microsoft SQL Server\Client SDK\ODBC\170\Tools\Binn\;C:\Program Files\dotnet\;C:\Program Files (x86)\Microsoft SQL Server\150\Tools\Binn\;C:\Program Files\Microsoft SQL Server\150\DTS\Binn\;C:\Users\djsha\AppData\Local\Microsoft\WindowsApps;C:\Users\djsha\AppData\Local\Programs\Microsoft VS Code\bin;C:\Users\djsha\.dotnet\tools;C:\Users\djsha\AppData\Roaming\npm;C:\Users\djsha\AppData\Local\Android\Sdk;C:\Users\djsha\AppData\Local\Android\Sdk\ndk\24.0.8215888;C:\Program Files\Azure Data Studio\bin;
USERNAME=djsha
OS=Windows_NT
PROCESSOR_IDENTIFIER=Intel64 Family 6 Model 158 Stepping 9, GenuineIntel



---------------  S Y S T E M  ---------------

OS: Windows 10 , 64 bit Build 19041 (10.0.19041.1806)
OS uptime: 2 days 19:02 hours

CPU:total 4 (initial active 4) (4 cores per cpu, 1 threads per core) family 6 model 158 stepping 9 microcode 0xb4, cmov, cx8, fxsr, mmx, sse, sse2, sse3, ssse3, sse4.1, sse4.2, popcnt, avx, avx2, aes, clmul, erms, 3dnowpref, lzcnt, tsc, tscinvbit, bmi1, bmi2, adx, fma

Memory: 4k page, system-wide physical 32730M (8977M free)
TotalPageFile size 36826M (AvailPageFile size 70M)
current process WorkingSet (physical memory assigned to process): 149M, peak: 150M
current process commit charge ("private bytes"): 614M, peak: 872M

vm_info: OpenJDK 64-Bit Server VM (11.0.12+7) for windows-amd64 JRE (11.0.12+7), built on Jul 21 2021 15:41:43 by "" with unknown MS VC++:1916

END.
