#
# There is insufficient memory for the Java Runtime Environment to continue.
# Native memory allocation (mmap) failed to map 536870912 bytes for Failed to commit area from 0x0000000600800000 to 0x0000000620800000 of length 536870912.
# Possible reasons:
#   The system is out of physical RAM or swap space
#   The process is running with CompressedOops enabled, and the Java Heap may be blocking the growth of the native heap
# Possible solutions:
#   Reduce memory load on the system
#   Increase physical memory or swap space
#   Check if swap backing store is full
#   Decrease Java heap size (-Xmx/-Xms)
#   Decrease number of Java threads
#   Decrease Java thread stack sizes (-Xss)
#   Set larger code cache with -XX:ReservedCodeCacheSize=
# This output file may be truncated or incomplete.
#
#  Out of Memory Error (./src/hotspot/os/windows/os_windows.cpp:3380), pid=16700, tid=15220
#
# JRE version:  (11.0.12+7) (build )
# Java VM: OpenJDK 64-Bit Server VM (11.0.12+7, mixed mode, sharing, tiered, compressed oops, g1 gc, windows-amd64)
# No core dump will be written. Minidumps are not enabled by default on client versions of Windows
#

---------------  S U M M A R Y ------------

Command Line: 

Host: Intel(R) Core(TM) i5-7400 CPU @ 3.00GHz, 4 cores, 31G,  Windows 10 , 64 bit Build 19041 (10.0.19041.1706)
Time: Tue May 31 12:05:01 2022 GTB Summer Time elapsed time: 0.015255 seconds (0d 0h 0m 0s)

---------------  T H R E A D  ---------------

Current thread (0x000002863161a800):  JavaThread "Unknown thread" [_thread_in_vm, id=15220, stack(0x000000ce20e00000,0x000000ce20f00000)]

Stack: [0x000000ce20e00000,0x000000ce20f00000]
Native frames: (J=compiled Java code, j=interpreted, Vv=VM code, C=native code)
V  [jvm.dll+0x6090fa]
V  [jvm.dll+0x79229e]
V  [jvm.dll+0x79396f]
V  [jvm.dll+0x794033]
V  [jvm.dll+0x24bed8]
V  [jvm.dll+0x60624a]
V  [jvm.dll+0x5facf5]
V  [jvm.dll+0x303b5c]
V  [jvm.dll+0x3039e2]
V  [jvm.dll+0x308706]
V  [jvm.dll+0x34d5cf]
V  [jvm.dll+0x34d000]
V  [jvm.dll+0x2e0c68]
V  [jvm.dll+0x2e1dc6]
V  [jvm.dll+0x76d627]
V  [jvm.dll+0x76edaf]
V  [jvm.dll+0x35a359]
V  [jvm.dll+0x750710]
V  [jvm.dll+0x3c1f8f]
V  [jvm.dll+0x3c4461]
C  [jli.dll+0x5207]
C  [ucrtbase.dll+0x21bb2]
C  [KERNEL32.DLL+0x17034]
C  [ntdll.dll+0x52651]


---------------  P R O C E S S  ---------------

Threads class SMR info:
_java_thread_list=0x000002862fc731d0, length=0, elements={
}

Java Threads: ( => current thread )

Other Threads:
  0x0000028631633800 GCTaskThread "GC Thread#0" [stack: 0x000000ce20f00000,0x000000ce21000000] [id=5668]
  0x00000286316b4800 ConcurrentGCThread "G1 Main Marker" [stack: 0x000000ce21000000,0x000000ce21100000] [id=28608]
  0x00000286316b6000 ConcurrentGCThread "G1 Conc#0" [stack: 0x000000ce21100000,0x000000ce21200000] [id=4412]

[error occurred during error reporting (printing all threads), id 0xc0000005, EXCEPTION_ACCESS_VIOLATION (0xc0000005) at pc=0x00007fffebb70337]

VM state:not at safepoint (not fully initialized)

VM Mutex/Monitor currently owned by a thread:  ([mutex/lock_event])
[0x0000028631617390] Heap_lock - owner thread: 0x000002863161a800

Heap address: 0x0000000600800000, size: 8184 MB, Compressed Oops mode: Non-zero based: 0x0000000600800000
Narrow klass base: 0x0000000000000000, Narrow klass shift: 0

GC Heap History (0 events):
No events

Deoptimization events (0 events):
No events

Classes redefined (0 events):
No events

Internal exceptions (0 events):
No events

Events (1 events):
Event: 0.009 Loaded shared library C:\Program Files\Microsoft\jdk-11.0.12.7-hotspot\bin\zip.dll


Dynamic libraries:
0x00007ff77c450000 - 0x00007ff77c45d000 	C:\Program Files\Microsoft\jdk-11.0.12.7-hotspot\bin\java.exe
0x00007ff822390000 - 0x00007ff822585000 	C:\Windows\SYSTEM32\ntdll.dll
0x00007ff821ea0000 - 0x00007ff821f5d000 	C:\Windows\System32\KERNEL32.DLL
0x00007ff81fde0000 - 0x00007ff8200ad000 	C:\Windows\System32\KERNELBASE.dll
0x00007ff81fbe0000 - 0x00007ff81fce0000 	C:\Windows\System32\ucrtbase.dll
0x00007ff80edd0000 - 0x00007ff80ede7000 	C:\Program Files\Microsoft\jdk-11.0.12.7-hotspot\bin\jli.dll
0x00007ff81abe0000 - 0x00007ff81abf5000 	C:\Program Files\Microsoft\jdk-11.0.12.7-hotspot\bin\VCRUNTIME140.dll
0x00007ff821f60000 - 0x00007ff822100000 	C:\Windows\System32\USER32.dll
0x00007ff8203b0000 - 0x00007ff8203d2000 	C:\Windows\System32\win32u.dll
0x00007ff814340000 - 0x00007ff8145da000 	C:\Windows\WinSxS\amd64_microsoft.windows.common-controls_6595b64144ccf1df_6.0.19041.1110_none_60b5254171f9507e\COMCTL32.dll
0x00007ff821430000 - 0x00007ff82145a000 	C:\Windows\System32\GDI32.dll
0x00007ff820db0000 - 0x00007ff820e4e000 	C:\Windows\System32\msvcrt.dll
0x00007ff8202a0000 - 0x00007ff8203ab000 	C:\Windows\System32\gdi32full.dll
0x00007ff81faa0000 - 0x00007ff81fb3d000 	C:\Windows\System32\msvcp_win.dll
0x00007ff821e10000 - 0x00007ff821e40000 	C:\Windows\System32\IMM32.DLL
0x00007ff802290000 - 0x00007ff80232b000 	C:\Program Files\Microsoft\jdk-11.0.12.7-hotspot\bin\msvcp140.dll
0x00007fffeb880000 - 0x00007fffec3e1000 	C:\Program Files\Microsoft\jdk-11.0.12.7-hotspot\bin\server\jvm.dll
0x00007ff821d00000 - 0x00007ff821dae000 	C:\Windows\System32\ADVAPI32.dll
0x00007ff820e50000 - 0x00007ff820eec000 	C:\Windows\System32\sechost.dll
0x00007ff8204f0000 - 0x00007ff820615000 	C:\Windows\System32\RPCRT4.dll
0x00007ff820da0000 - 0x00007ff820da8000 	C:\Windows\System32\PSAPI.DLL
0x00007ff811a70000 - 0x00007ff811a79000 	C:\Windows\SYSTEM32\WSOCK32.dll
0x00007ff815300000 - 0x00007ff815327000 	C:\Windows\SYSTEM32\WINMM.dll
0x00007ff821c90000 - 0x00007ff821cfb000 	C:\Windows\System32\WS2_32.dll
0x00007ff8199b0000 - 0x00007ff8199ba000 	C:\Windows\SYSTEM32\VERSION.dll
0x00007ff81d8e0000 - 0x00007ff81d8f2000 	C:\Windows\SYSTEM32\kernel.appcore.dll
0x00007ff81ae80000 - 0x00007ff81ae90000 	C:\Program Files\Microsoft\jdk-11.0.12.7-hotspot\bin\verify.dll
0x00007ff811cf0000 - 0x00007ff811ed4000 	C:\Windows\SYSTEM32\DBGHELP.DLL
0x00007ff811a80000 - 0x00007ff811aac000 	C:\Windows\SYSTEM32\dbgcore.DLL
0x00007ff820210000 - 0x00007ff820292000 	C:\Windows\System32\bcryptPrimitives.dll
0x00007ff80eda0000 - 0x00007ff80edc8000 	C:\Program Files\Microsoft\jdk-11.0.12.7-hotspot\bin\java.dll
0x00007ff8133d0000 - 0x00007ff8133da000 	C:\Program Files\Microsoft\jdk-11.0.12.7-hotspot\bin\jimage.dll
0x00007ff80ed80000 - 0x00007ff80ed97000 	C:\Program Files\Microsoft\jdk-11.0.12.7-hotspot\bin\zip.dll

dbghelp: loaded successfully - version: 4.0.5 - missing functions: none
symbol engine: initialized successfully - sym options: 0x614 - pdb path: .;C:\Program Files\Microsoft\jdk-11.0.12.7-hotspot\bin;C:\Windows\SYSTEM32;C:\Windows\WinSxS\amd64_microsoft.windows.common-controls_6595b64144ccf1df_6.0.19041.1110_none_60b5254171f9507e;C:\Program Files\Microsoft\jdk-11.0.12.7-hotspot\bin\server

VM Arguments:
java_command: <unknown>
java_class_path (initial): <not set>
Launcher Type: SUN_STANDARD

[Global flags]
     intx CICompilerCount                          = 3                                         {product} {ergonomic}
     uint ConcGCThreads                            = 1                                         {product} {ergonomic}
     uint G1ConcRefinementThreads                  = 4                                         {product} {ergonomic}
   size_t G1HeapRegionSize                         = 2097152                                   {product} {ergonomic}
    uintx GCDrainStackTargetSize                   = 64                                        {product} {ergonomic}
   size_t InitialHeapSize                          = 536870912                                 {product} {ergonomic}
   size_t MarkStackSize                            = 4194304                                   {product} {ergonomic}
   size_t MaxHeapSize                              = 8581545984                                {product} {ergonomic}
   size_t MinHeapDeltaBytes                        = 2097152                                   {product} {ergonomic}
    uintx NonNMethodCodeHeapSize                   = 5830732                                {pd product} {ergonomic}
    uintx NonProfiledCodeHeapSize                  = 122913754                              {pd product} {ergonomic}
    uintx ProfiledCodeHeapSize                     = 122913754                              {pd product} {ergonomic}
    uintx ReservedCodeCacheSize                    = 251658240                              {pd product} {ergonomic}
     bool SegmentedCodeCache                       = true                                      {product} {ergonomic}
     bool UseCompressedClassPointers               = true                                 {lp64_product} {ergonomic}
     bool UseCompressedOops                        = true                                 {lp64_product} {ergonomic}
     bool UseG1GC                                  = true                                      {product} {ergonomic}
     bool UseLargePagesIndividualAllocation        = false                                  {pd product} {ergonomic}

Logging:
Log output configuration:
 #0: stdout all=warning uptime,level,tags
 #1: stderr all=off uptime,level,tags

Environment Variables:
PATH=C:\Program Files\Microsoft\jdk-11.0.12.7-hotspot\bin;C:\Program Files\Eclipse Foundation\jdk-8.0.302.8-hotspot\bin;C:\Program Files\Common Files\Oracle\Java\javapath;C:\Program Files (x86)\Common Files\Oracle\Java\javapath;C:\Windows\system32;C:\Windows;C:\Windows\System32\Wbem;C:\Windows\System32\WindowsPowerShell\v1.0\;C:\Windows\System32\OpenSSH\;C:\Program Files\Git\cmd;C:\Program Files\nodejs\;C:\Users\djsha\AppData\Local\Android\Sdk\platform-tools;C:\Users\djsha\AppData\Local\Android\Sdk\ndk\24.0.8215888;C:\Program Files (x86)\Microsoft SQL Server\150\DTS\Binn\;C:\Program Files\Azure Data Studio\bin;C:\Program Files\3D Space\TopoLT V13\;C:\Program Files\Microsoft SQL Server\130\Tools\Binn\;C:\Program Files\Microsoft SQL Server\150\Tools\Binn\;C:\Program Files\Microsoft SQL Server\Client SDK\ODBC\170\Tools\Binn\;C:\Program Files\dotnet\;C:\Users\djsha\AppData\Local\Microsoft\WindowsApps;C:\Users\djsha\AppData\Local\Programs\Microsoft VS Code\bin;C:\Users\djsha\.dotnet\tools;C:\Users\djsha\AppData\Roaming\npm;C:\Users\djsha\AppData\Local\Android\Sdk;C:\Users\djsha\AppData\Local\Android\Sdk\ndk\24.0.8215888;C:\Program Files\Azure Data Studio\bin;
USERNAME=djsha
OS=Windows_NT
PROCESSOR_IDENTIFIER=Intel64 Family 6 Model 158 Stepping 9, GenuineIntel



---------------  S Y S T E M  ---------------

OS: Windows 10 , 64 bit Build 19041 (10.0.19041.1706)
OS uptime: 4 days 4:44 hours

CPU:total 4 (initial active 4) (4 cores per cpu, 1 threads per core) family 6 model 158 stepping 9 microcode 0xb4, cmov, cx8, fxsr, mmx, sse, sse2, sse3, ssse3, sse4.1, sse4.2, popcnt, avx, avx2, aes, clmul, erms, 3dnowpref, lzcnt, tsc, tscinvbit, bmi1, bmi2, adx, fma

Memory: 4k page, system-wide physical 32730M (7441M free)
TotalPageFile size 36826M (AvailPageFile size 129M)
current process WorkingSet (physical memory assigned to process): 10M, peak: 10M
current process commit charge ("private bytes"): 52M, peak: 564M

vm_info: OpenJDK 64-Bit Server VM (11.0.12+7) for windows-amd64 JRE (11.0.12+7), built on Jul 21 2021 15:41:43 by "" with unknown MS VC++:1916

END.
